<?xml version="1.0" encoding="UTF-8"?>
<!-- Generated by org.testng.reporters.JUnitReportReporter -->
<testsuite hostname="DESKTOP-DV4AI68" failures="0" tests="1" name="BSCClass.Airthmatic" time="0.129" errors="0" timestamp="2024-09-11T15:03:54 GMT-05:00" skipped="0">
  <testcase classname="BSCClass.Airthmatic" name="Plus" time="0.129"/>
</testsuite> <!-- BSCClass.Airthmatic -->
